<?xml version="1.0" encoding="UTF-8"?>
<!-- Generated by org.testng.reporters.JUnitReportReporter -->
<testsuite hostname="DNJ" failures="0" tests="1" name="Findusonweb.ImageNotFound" time="1.539" errors="0" timestamp="2022-06-15T10:13:09 IST" skipped="0">
  <testcase classname="Findusonweb.ImageNotFound" name="test" time="1.539"/>
  <system-out/>
</testsuite> <!-- Findusonweb.ImageNotFound -->
