<?xml version="1.0" encoding="UTF-8"?>
<!-- Generated by org.testng.reporters.JUnitReportReporter -->
<testsuite hostname="DNJ" failures="0" tests="1" name="Practice.WebData_To_Excel" time="27.603" errors="0" timestamp="2022-06-14T16:14:20 IST" skipped="0">
  <testcase classname="Practice.WebData_To_Excel" name="test" time="27.603"/>
  <system-out/>
</testsuite> <!-- Practice.WebData_To_Excel -->
