<?xml version="1.0" encoding="UTF-8"?>
<!-- Generated by org.testng.reporters.JUnitReportReporter -->
<testsuite hostname="DNJ" failures="0" tests="1" name="Findusonweb.PageNotFound" time="310.871" errors="0" timestamp="2022-06-14T14:42:57 IST" skipped="0">
  <testcase classname="Findusonweb.PageNotFound" name="test" time="310.871"/>
  <system-out/>
</testsuite> <!-- Findusonweb.PageNotFound -->
