<?xml version="1.0" encoding="UTF-8"?>
<!-- Generated by org.testng.reporters.JUnitReportReporter -->
<testsuite hostname="DNJ" failures="0" tests="1" name="Findusonweb.GlobalHR" time="0.012" errors="0" timestamp="2022-06-13T11:18:10 IST" skipped="0">
  <testcase classname="Findusonweb.GlobalHR" name="test" time="0.012"/>
  <system-out/>
</testsuite> <!-- Findusonweb.GlobalHR -->
